SETTING m32 False
SETTING m32 True
SETTING m32 None
SETTING m32 False
ON  0x1 DW_OP_const1u 1 ['0xa8'] 2 ['0xfffffffffb80', '0xfffffffffb60']
ON  0x3 DW_OP_plus 0 [] 3 ['0xfffffffffb80', '0xfffffffffb60', '0xa8']
ON  0x4 DW_OP_deref 0 [] 2 ['0xfffffffffb80', '0xfffffffffc08']
ON  0x5 DW_OP_const1u 1 ['0x8'] 2 ['0xfffffffffb80', '0xfffffffffcf8']
ON  0x7 DW_OP_plus 0 [] 3 ['0xfffffffffb80', '0xfffffffffcf8', '0x8']
ON  0x8 DW_OP_deref 0 [] 2 ['0xfffffffffb80', '0xfffffffffd00']
ON  0x9 DW_OP_dup 0 [] 2 ['0xfffffffffb80', '0xffffffffff02']
ON  0xa DW_OP_deref 0 [] 3 ['0xfffffffffb80', '0xffffffffff02', '0xffffffffff02']
ON  0xb DW_OP_swap 0 [] 3 ['0xfffffffffb80', '0xffffffffff02', '0x706050403020100']
ON  0xc DW_OP_const1u 1 ['0x8'] 3 ['0xfffffffffb80', '0x706050403020100', '0xffffffffff02']
ON  0xe DW_OP_plus 0 [] 4 ['0xfffffffffb80', '0x706050403020100', '0xffffffffff02', '0x8']
ON  0xf DW_OP_dup 0 [] 3 ['0xfffffffffb80', '0x706050403020100', '0xffffffffff0a']
ON  0x10 DW_OP_deref 0 [] 4 ['0xfffffffffb80', '0x706050403020100', '0xffffffffff0a', '0xffffffffff0a']
ON  0x11 DW_OP_swap 0 [] 4 ['0xfffffffffb80', '0x706050403020100', '0xffffffffff0a', '0xf0e0d0c0b0a0908']
ON  0x12 DW_OP_const1u 1 ['0x8'] 4 ['0xfffffffffb80', '0x706050403020100', '0xf0e0d0c0b0a0908', '0xffffffffff0a']
ON  0x14 DW_OP_plus 0 [] 5 ['0xfffffffffb80', '0x706050403020100', '0xf0e0d0c0b0a0908', '0xffffffffff0a', '0x8']
ON  0x15 DW_OP_dup 0 [] 4 ['0xfffffffffb80', '0x706050403020100', '0xf0e0d0c0b0a0908', '0xffffffffff12']
ON  0x16 DW_OP_deref 0 [] 5 ['0xfffffffffb80', '0x706050403020100', '0xf0e0d0c0b0a0908', '0xffffffffff12', '0xffffffffff12']
ON  0x17 DW_OP_swap 0 [] 5 ['0xfffffffffb80', '0x706050403020100', '0xf0e0d0c0b0a0908', '0xffffffffff12', '0x1716151413121110']
ON  0x18 DW_OP_const1u 1 ['0x8'] 5 ['0xfffffffffb80', '0x706050403020100', '0xf0e0d0c0b0a0908', '0x1716151413121110', '0xffffffffff12']
ON  0x1a DW_OP_plus 0 [] 6 ['0xfffffffffb80', '0x706050403020100', '0xf0e0d0c0b0a0908', '0x1716151413121110', '0xffffffffff12', '0x8']
ON  0x1b DW_OP_dup 0 [] 5 ['0xfffffffffb80', '0x706050403020100', '0xf0e0d0c0b0a0908', '0x1716151413121110', '0xffffffffff1a']
ON  0x1c DW_OP_deref 0 [] 6 ['0xfffffffffb80', '0x706050403020100', '0xf0e0d0c0b0a0908', '0x1716151413121110', '0xffffffffff1a', '0xffffffffff1a']
ON  0x1d DW_OP_swap 0 [] 6 ['0xfffffffffb80', '0x706050403020100', '0xf0e0d0c0b0a0908', '0x1716151413121110', '0xffffffffff1a', '0x1f1e1d1c1b1a1918']
ON  0x1e DW_OP_const1u 1 ['0x8'] 6 ['0xfffffffffb80', '0x706050403020100', '0xf0e0d0c0b0a0908', '0x1716151413121110', '0x1f1e1d1c1b1a1918', '0xffffffffff1a']
ON  0x20 DW_OP_plus 0 [] 7 ['0xfffffffffb80', '0x706050403020100', '0xf0e0d0c0b0a0908', '0x1716151413121110', '0x1f1e1d1c1b1a1918', '0xffffffffff1a', '0x8']
ON  0x21 DW_OP_deref_size 1 ['0x1'] 6 ['0xfffffffffb80', '0x706050403020100', '0xf0e0d0c0b0a0908', '0x1716151413121110', '0x1f1e1d1c1b1a1918', '0xffffffffff22']
deref res  0 1
ON  0x23 DW_OP_bra 2 ['0x44'] 6 ['0xfffffffffb80', '0x706050403020100', '0xf0e0d0c0b0a0908', '0x1716151413121110', '0x1f1e1d1c1b1a1918', '0x0']
ON  0x26 DW_OP_pick 1 ['0x3'] 5 ['0xfffffffffb80', '0x706050403020100', '0xf0e0d0c0b0a0908', '0x1716151413121110', '0x1f1e1d1c1b1a1918']
ON  0x28 DW_OP_pick 1 ['0x3'] 6 ['0xfffffffffb80', '0x706050403020100', '0xf0e0d0c0b0a0908', '0x1716151413121110', '0x1f1e1d1c1b1a1918', '0x706050403020100']
ON  0x2a DW_OP_skip 2 ['0x49'] 7 ['0xfffffffffb80', '0x706050403020100', '0xf0e0d0c0b0a0908', '0x1716151413121110', '0x1f1e1d1c1b1a1918', '0x706050403020100', '0xf0e0d0c0b0a0908']
ON  0x76 DW_OP_lit0 0 [] 7 ['0xfffffffffb80', '0x706050403020100', '0xf0e0d0c0b0a0908', '0x1716151413121110', '0x1f1e1d1c1b1a1918', '0x706050403020100', '0xf0e0d0c0b0a0908']
LAA A 0
ON  0x77 DW_OP_rot 0 [] 8 ['0x706050403020100', '0xf0e0d0c0b0a0908', '0x1716151413121110', '0x1f1e1d1c1b1a1918', '0x706050403020100', '0xf0e0d0c0b0a0908', '0x0']
ON  0x78 DW_OP_lit0 0 [] 8 ['0x706050403020100', '0xf0e0d0c0b0a0908', '0x1716151413121110', '0x1f1e1d1c1b1a1918', '0x0', '0x706050403020100', '0xf0e0d0c0b0a0908']
LAA A 0
ON  0x79 DW_OP_pick 1 ['0x5'] 9 ['0xf0e0d0c0b0a0908', '0x1716151413121110', '0x1f1e1d1c1b1a1918', '0x0', '0x706050403020100', '0xf0e0d0c0b0a0908', '0x0']
ON  0x7b DW_OP_pick 1 ['0x5'] 10 ['0x1716151413121110', '0x1f1e1d1c1b1a1918', '0x0', '0x706050403020100', '0xf0e0d0c0b0a0908', '0x0', '0x1716151413121110']
ON  0x7d DW_OP_skip 2 ['0x33'] 11 ['0x1f1e1d1c1b1a1918', '0x0', '0x706050403020100', '0xf0e0d0c0b0a0908', '0x0', '0x1716151413121110', '0x1f1e1d1c1b1a1918']
ON  0xb3 DW_OP_lit4 0 [] 11 ['0x1f1e1d1c1b1a1918', '0x0', '0x706050403020100', '0xf0e0d0c0b0a0908', '0x0', '0x1716151413121110', '0x1f1e1d1c1b1a1918']

LAA A 4
ON  0xb4 DW_OP_rot 0 [] 12 ['0x0', '0x706050403020100', '0xf0e0d0c0b0a0908', '0x0', '0x1716151413121110', '0x1f1e1d1c1b1a1918', '0x4']
ON  0xb5 DW_OP_dup 0 [] 12 ['0x0', '0x706050403020100', '0xf0e0d0c0b0a0908', '0x0', '0x4', '0x1716151413121110', '0x1f1e1d1c1b1a1918']
ON  0xb6 DW_OP_const8u 8 ['0xffffffff'] 13 ['0x706050403020100', '0xf0e0d0c0b0a0908', '0x0', '0x4', '0x1716151413121110', '0x1f1e1d1c1b1a1918', '0x1f1e1d1c1b1a1918']
ON  0xbf DW_OP_and 0 [] 14 ['0xf0e0d0c0b0a0908', '0x0', '0x4', '0x1716151413121110', '0x1f1e1d1c1b1a1918', '0x1f1e1d1c1b1a1918', '0xffffffff']
ON  0xc0 DW_OP_swap 0 [] 13 ['0x706050403020100', '0xf0e0d0c0b0a0908', '0x0', '0x4', '0x1716151413121110', '0x1f1e1d1c1b1a1918', '0x1b1a1918']
ON  0xc1 DW_OP_const8u 8 ['0xffffffff00000000'] 13 ['0x706050403020100', '0xf0e0d0c0b0a0908', '0x0', '0x4', '0x1716151413121110', '0x1b1a1918', '0x1f1e1d1c1b1a1918']
ON  0xca DW_OP_and 0 [] 14 ['0xf0e0d0c0b0a0908', '0x0', '0x4', '0x1716151413121110', '0x1b1a1918', '0x1f1e1d1c1b1a1918', '0xffffffff00000000']
ON  0xcb DW_OP_const1u 1 ['0x20'] 13 ['0x706050403020100', '0xf0e0d0c0b0a0908', '0x0', '0x4', '0x1716151413121110', '0x1b1a1918', '0x1f1e1d1c00000000']
ON  0xcd DW_OP_shr 0 [] 14 ['0xf0e0d0c0b0a0908', '0x0', '0x4', '0x1716151413121110', '0x1b1a1918', '0x1f1e1d1c00000000', '0x20']
ON  0xce DW_OP_rot 0 [] 13 ['0x706050403020100', '0xf0e0d0c0b0a0908', '0x0', '0x4', '0x1716151413121110', '0x1b1a1918', '0x1f1e1d1c']
ON  0xcf DW_OP_rot 0 [] 13 ['0x706050403020100', '0xf0e0d0c0b0a0908', '0x0', '0x4', '0x1f1e1d1c', '0x1716151413121110', '0x1b1a1918']
ON  0xd0 DW_OP_dup 0 [] 13 ['0x706050403020100', '0xf0e0d0c0b0a0908', '0x0', '0x4', '0x1b1a1918', '0x1f1e1d1c', '0x1716151413121110']
ON  0xd1 DW_OP_const8u 8 ['0xffffffff'] 14 ['0xf0e0d0c0b0a0908', '0x0', '0x4', '0x1b1a1918', '0x1f1e1d1c', '0x1716151413121110', '0x1716151413121110']
ON  0xda DW_OP_and 0 [] 15 ['0x0', '0x4', '0x1b1a1918', '0x1f1e1d1c', '0x1716151413121110', '0x1716151413121110', '0xffffffff']
ON  0xdb DW_OP_swap 0 [] 14 ['0xf0e0d0c0b0a0908', '0x0', '0x4', '0x1b1a1918', '0x1f1e1d1c', '0x1716151413121110', '0x13121110']
ON  0xdc DW_OP_const8u 8 ['0xffffffff00000000'] 14 ['0xf0e0d0c0b0a0908', '0x0', '0x4', '0x1b1a1918', '0x1f1e1d1c', '0x13121110', '0x1716151413121110']
ON  0xe5 DW_OP_and 0 [] 15 ['0x0', '0x4', '0x1b1a1918', '0x1f1e1d1c', '0x13121110', '0x1716151413121110', '0xffffffff00000000']
ON  0xe6 DW_OP_const1u 1 ['0x20'] 14 ['0xf0e0d0c0b0a0908', '0x0', '0x4', '0x1b1a1918', '0x1f1e1d1c', '0x13121110', '0x1716151400000000']
ON  0xe8 DW_OP_shr 0 [] 15 ['0x0', '0x4', '0x1b1a1918', '0x1f1e1d1c', '0x13121110', '0x1716151400000000', '0x20']
ON  0xe9 DW_OP_dup 0 [] 14 ['0xf0e0d0c0b0a0908', '0x0', '0x4', '0x1b1a1918', '0x1f1e1d1c', '0x13121110', '0x17161514']
ON  0xea DW_OP_rot 0 [] 15 ['0x0', '0x4', '0x1b1a1918', '0x1f1e1d1c', '0x13121110', '0x17161514', '0x17161514']
ON  0xeb DW_OP_pick 1 ['0x4'] 15 ['0x0', '0x4', '0x1b1a1918', '0x1f1e1d1c', '0x17161514', '0x13121110', '0x17161514']
ON  0xed DW_OP_plus 0 [] 16 ['0x4', '0x1b1a1918', '0x1f1e1d1c', '0x17161514', '0x13121110', '0x17161514', '0x1b1a1918']
ON  0xee DW_OP_xor 0 [] 15 ['0x0', '0x4', '0x1b1a1918', '0x1f1e1d1c', '0x17161514', '0x13121110', '0x32302e2c']
ON  0xef DW_OP_const4u 4 ['0xffffffff'] 14 ['0xf0e0d0c0b0a0908', '0x0', '0x4', '0x1b1a1918', '0x1f1e1d1c', '0x17161514', '0x21223f3c']
ON  0xf4 DW_OP_and 0 [] 15 ['0x0', '0x4', '0x1b1a1918', '0x1f1e1d1c', '0x17161514', '0x21223f3c', '0xffffffff']
ON  0xf5 DW_OP_swap 0 [] 14 ['0xf0e0d0c0b0a0908', '0x0', '0x4', '0x1b1a1918', '0x1f1e1d1c', '0x17161514', '0x21223f3c']
ON  0xf6 DW_OP_pick 1 ['0x3'] 14 ['0xf0e0d0c0b0a0908', '0x0', '0x4', '0x1b1a1918', '0x1f1e1d1c', '0x21223f3c', '0x17161514']
ON  0xf8 DW_OP_and 0 [] 15 ['0x0', '0x4', '0x1b1a1918', '0x1f1e1d1c', '0x21223f3c', '0x17161514', '0x1b1a1918']
ON  0xf9 DW_OP_swap 0 [] 14 ['0xf0e0d0c0b0a0908', '0x0', '0x4', '0x1b1a1918', '0x1f1e1d1c', '0x21223f3c', '0x13121110']
ON  0xfa DW_OP_dup 0 [] 14 ['0xf0e0d0c0b0a0908', '0x0', '0x4', '0x1b1a1918', '0x1f1e1d1c', '0x13121110', '0x21223f3c']
ON  0xfb DW_OP_pick 1 ['0x4'] 15 ['0x0', '0x4', '0x1b1a1918', '0x1f1e1d1c', '0x13121110', '0x21223f3c', '0x21223f3c']
ON  0xfd DW_OP_swap 0 [] 16 ['0x4', '0x1b1a1918', '0x1f1e1d1c', '0x13121110', '0x21223f3c', '0x21223f3c', '0x1b1a1918']
ON  0xfe DW_OP_minus 0 [] 16 ['0x4', '0x1b1a1918', '0x1f1e1d1c', '0x13121110', '0x21223f3c', '0x1b1a1918', '0x21223f3c']
ON  0xff DW_OP_const4u 4 ['0xffffffff'] 15 ['0x0', '0x4', '0x1b1a1918', '0x1f1e1d1c', '0x13121110', '0x21223f3c', '-0x6082624']
ON  0x104 DW_OP_and 0 [] 16 ['0x4', '0x1b1a1918', '0x1f1e1d1c', '0x13121110', '0x21223f3c', '-0x6082624', '0xffffffff']
ON  0x105 DW_OP_swap 0 [] 15 ['0x0', '0x4', '0x1b1a1918', '0x1f1e1d1c', '0x13121110', '0x21223f3c', '0xf9f7d9dc']
ON  0x106 DW_OP_pick 1 ['0x3'] 15 ['0x0', '0x4', '0x1b1a1918', '0x1f1e1d1c', '0x13121110', '0xf9f7d9dc', '0x21223f3c']
ON  0x108 DW_OP_const1u 1 ['0xff'] 16 ['0x4', '0x1b1a1918', '0x1f1e1d1c', '0x13121110', '0xf9f7d9dc', '0x21223f3c', '0x1f1e1d1c']
ON  0x10a DW_OP_and 0 [] 17 ['0x1b1a1918', '0x1f1e1d1c', '0x13121110', '0xf9f7d9dc', '0x21223f3c', '0x1f1e1d1c', '0xff']
ON  0x10b DW_OP_const1u 1 ['0x2'] 16 ['0x4', '0x1b1a1918', '0x1f1e1d1c', '0x13121110', '0xf9f7d9dc', '0x21223f3c', '0x1c']
ON  0x10d DW_OP_shl 0 [] 17 ['0x1b1a1918', '0x1f1e1d1c', '0x13121110', '0xf9f7d9dc', '0x21223f3c', '0x1c', '0x2']
ON  0x10e DW_OP_const8u 8 ['0x4006b4'] 16 ['0x4', '0x1b1a1918', '0x1f1e1d1c', '0x13121110', '0xf9f7d9dc', '0x21223f3c', '0x70']
ON  0x117 DW_OP_plus 0 [] 17 ['0x1b1a1918', '0x1f1e1d1c', '0x13121110', '0xf9f7d9dc', '0x21223f3c', '0x70', '0x4006b4']
ON  0x118 DW_OP_deref_size 1 ['0x4'] 16 ['0x4', '0x1b1a1918', '0x1f1e1d1c', '0x13121110', '0xf9f7d9dc', '0x21223f3c', '0x400724']
deref res  1645742692 4
ON  0x11a DW_OP_plus 0 [] 16 ['0x4', '0x1b1a1918', '0x1f1e1d1c', '0x13121110', '0xf9f7d9dc', '0x21223f3c', '0x62180a64']
ON  0x11b DW_OP_const4u 4 ['0xffffffff'] 15 ['0x0', '0x4', '0x1b1a1918', '0x1f1e1d1c', '0x13121110', '0xf9f7d9dc', '0x833a49a0']
ON  0x120 DW_OP_and 0 [] 16 ['0x4', '0x1b1a1918', '0x1f1e1d1c', '0x13121110', '0xf9f7d9dc', '0x833a49a0', '0xffffffff']
ON  0x121 DW_OP_dup 0 [] 15 ['0x0', '0x4', '0x1b1a1918', '0x1f1e1d1c', '0x13121110', '0xf9f7d9dc', '0x833a49a0']
ON  0x122 DW_OP_pick 1 ['0x4'] 16 ['0x4', '0x1b1a1918', '0x1f1e1d1c', '0x13121110', '0xf9f7d9dc', '0x833a49a0', '0x833a49a0']
ON  0x124 DW_OP_const1u 1 ['0x8'] 17 ['0x1b1a1918', '0x1f1e1d1c', '0x13121110', '0xf9f7d9dc', '0x833a49a0', '0x833a49a0', '0x1f1e1d1c']
ON  0x126 DW_OP_shr 0 [] 18 ['0x1f1e1d1c', '0x13121110', '0xf9f7d9dc', '0x833a49a0', '0x833a49a0', '0x1f1e1d1c', '0x8']
ON  0x127 DW_OP_xor 0 [] 17 ['0x1b1a1918', '0x1f1e1d1c', '0x13121110', '0xf9f7d9dc', '0x833a49a0', '0x833a49a0', '0x1f1e1d']
ON  0x128 DW_OP_rot 0 [] 16 ['0x4', '0x1b1a1918', '0x1f1e1d1c', '0x13121110', '0xf9f7d9dc', '0x833a49a0', '0x832557bd']
ON  0x129 DW_OP_rot 0 [] 16 ['0x4', '0x1b1a1918', '0x1f1e1d1c', '0x13121110', '0x832557bd', '0xf9f7d9dc', '0x833a49a0']
ON  0x12a DW_OP_swap 0 [] 16 ['0x4', '0x1b1a1918', '0x1f1e1d1c', '0x13121110', '0x833a49a0', '0x832557bd', '0xf9f7d9dc']
ON  0x12b DW_OP_const1u 1 ['0x20'] 16 ['0x4', '0x1b1a1918', '0x1f1e1d1c', '0x13121110', '0x833a49a0', '0xf9f7d9dc', '0x832557bd']
ON  0x12d DW_OP_shl 0 [] 17 ['0x1b1a1918', '0x1f1e1d1c', '0x13121110', '0x833a49a0', '0xf9f7d9dc', '0x832557bd', '0x20']
ON  0x12e DW_OP_or 0 [] 16 ['0x4', '0x1b1a1918', '0x1f1e1d1c', '0x13121110', '0x833a49a0', '0xf9f7d9dc', '0x832557bd00000000']
ON  0x12f DW_OP_rot 0 [] 15 ['0x0', '0x4', '0x1b1a1918', '0x1f1e1d1c', '0x13121110', '0x833a49a0', '0x832557bdf9f7d9dc']
ON  0x130 DW_OP_swap 0 [] 15 ['0x0', '0x4', '0x1b1a1918', '0x1f1e1d1c', '0x832557bdf9f7d9dc', '0x13121110', '0x833a49a0']
ON  0x131 DW_OP_const1u 1 ['0x20'] 15 ['0x0', '0x4', '0x1b1a1918', '0x1f1e1d1c', '0x832557bdf9f7d9dc', '0x833a49a0', '0x13121110']
ON  0x133 DW_OP_shl 0 [] 16 ['0x4', '0x1b1a1918', '0x1f1e1d1c', '0x832557bdf9f7d9dc', '0x833a49a0', '0x13121110', '0x20']
ON  0x134 DW_OP_or 0 [] 15 ['0x0', '0x4', '0x1b1a1918', '0x1f1e1d1c', '0x832557bdf9f7d9dc', '0x833a49a0', '0x1312111000000000']
ON  0x135 DW_OP_swap 0 [] 14 ['0xf0e0d0c0b0a0908', '0x0', '0x4', '0x1b1a1918', '0x1f1e1d1c', '0x832557bdf9f7d9dc', '0x13121110833a49a0']
ON  0x136 DW_OP_rot 0 [] 14 ['0xf0e0d0c0b0a0908', '0x0', '0x4', '0x1b1a1918', '0x1f1e1d1c', '0x13121110833a49a0', '0x832557bdf9f7d9dc']
ON  0x137 DW_OP_rot 0 [] 14 ['0xf0e0d0c0b0a0908', '0x0', '0x4', '0x1b1a1918', '0x832557bdf9f7d9dc', '0x1f1e1d1c', '0x13121110833a49a0']
ON  0x138 DW_OP_drop 0 [] 14 ['0xf0e0d0c0b0a0908', '0x0', '0x4', '0x1b1a1918', '0x13121110833a49a0', '0x832557bdf9f7d9dc', '0x1f1e1d1c']
ON  0x139 DW_OP_rot 0 [] 13 ['0x706050403020100', '0xf0e0d0c0b0a0908', '0x0', '0x4', '0x1b1a1918', '0x13121110833a49a0', '0x832557bdf9f7d9dc']
ON  0x13a DW_OP_rot 0 [] 13 ['0x706050403020100', '0xf0e0d0c0b0a0908', '0x0', '0x4', '0x832557bdf9f7d9dc', '0x1b1a1918', '0x13121110833a49a0']
ON  0x13b DW_OP_drop 0 [] 13 ['0x706050403020100', '0xf0e0d0c0b0a0908', '0x0', '0x4', '0x13121110833a49a0', '0x832557bdf9f7d9dc', '0x1b1a1918']
ON  0x13c DW_OP_rot 0 [] 12 ['0x0', '0x706050403020100', '0xf0e0d0c0b0a0908', '0x0', '0x4', '0x13121110833a49a0', '0x832557bdf9f7d9dc']
ON  0x13d DW_OP_rot 0 [] 12 ['0x0', '0x706050403020100', '0xf0e0d0c0b0a0908', '0x0', '0x832557bdf9f7d9dc', '0x4', '0x13121110833a49a0']
ON  0x13e DW_OP_const1u 1 ['0x1'] 12 ['0x0', '0x706050403020100', '0xf0e0d0c0b0a0908', '0x0', '0x13121110833a49a0', '0x832557bdf9f7d9dc', '0x4']
ON  0x140 DW_OP_minus 0 [] 13 ['0x706050403020100', '0xf0e0d0c0b0a0908', '0x0', '0x13121110833a49a0', '0x832557bdf9f7d9dc', '0x4', '0x1']
ON  0x141 DW_OP_dup 0 [] 12 ['0x0', '0x706050403020100', '0xf0e0d0c0b0a0908', '0x0', '0x13121110833a49a0', '0x832557bdf9f7d9dc', '0x3']
ON  0x142 DW_OP_bra 2 ['-0x91'] 13 ['0x706050403020100', '0xf0e0d0c0b0a0908', '0x0', '0x13121110833a49a0', '0x832557bdf9f7d9dc', '0x3', '0x3']
ON  0xb4 DW_OP_rot 0 [] 12 ['0x0', '0x706050403020100', '0xf0e0d0c0b0a0908', '0x0', '0x13121110833a49a0', '0x832557bdf9f7d9dc', '0x3']
ON  0xb5 DW_OP_dup 0 [] 12 ['0x0', '0x706050403020100', '0xf0e0d0c0b0a0908', '0x0', '0x3', '0x13121110833a49a0', '0x832557bdf9f7d9dc']
ON  0xb6 DW_OP_const8u 8 ['0xffffffff'] 13 ['0x706050403020100', '0xf0e0d0c0b0a0908', '0x0', '0x3', '0x13121110833a49a0', '0x832557bdf9f7d9dc', '0x832557bdf9f7d9dc']
ON  0xbf DW_OP_and 0 [] 14 ['0xf0e0d0c0b0a0908', '0x0', '0x3', '0x13121110833a49a0', '0x832557bdf9f7d9dc', '0x832557bdf9f7d9dc', '0xffffffff']
ON  0xc0 DW_OP_swap 0 [] 13 ['0x706050403020100', '0xf0e0d0c0b0a0908', '0x0', '0x3', '0x13121110833a49a0', '0x832557bdf9f7d9dc', '0xf9f7d9dc']
ON  0xc1 DW_OP_const8u 8 ['0xffffffff00000000'] 13 ['0x706050403020100', '0xf0e0d0c0b0a0908', '0x0', '0x3', '0x13121110833a49a0', '0xf9f7d9dc', '0x832557bdf9f7d9dc']
ON  0xca DW_OP_and 0 [] 14 ['0xf0e0d0c0b0a0908', '0x0', '0x3', '0x13121110833a49a0', '0xf9f7d9dc', '0x832557bdf9f7d9dc', '0xffffffff00000000']
ON  0xcb DW_OP_const1u 1 ['0x20'] 13 ['0x706050403020100', '0xf0e0d0c0b0a0908', '0x0', '0x3', '0x13121110833a49a0', '0xf9f7d9dc', '0x832557bd00000000']
ON  0xcd DW_OP_shr 0 [] 14 ['0xf0e0d0c0b0a0908', '0x0', '0x3', '0x13121110833a49a0', '0xf9f7d9dc', '0x832557bd00000000', '0x20']
ON  0xce DW_OP_rot 0 [] 13 ['0x706050403020100', '0xf0e0d0c0b0a0908', '0x0', '0x3', '0x13121110833a49a0', '0xf9f7d9dc', '0x832557bd']
ON  0xcf DW_OP_rot 0 [] 13 ['0x706050403020100', '0xf0e0d0c0b0a0908', '0x0', '0x3', '0x832557bd', '0x13121110833a49a0', '0xf9f7d9dc']
ON  0xd0 DW_OP_dup 0 [] 13 ['0x706050403020100', '0xf0e0d0c0b0a0908', '0x0', '0x3', '0xf9f7d9dc', '0x832557bd', '0x13121110833a49a0']
ON  0xd1 DW_OP_const8u 8 ['0xffffffff'] 14 ['0xf0e0d0c0b0a0908', '0x0', '0x3', '0xf9f7d9dc', '0x832557bd', '0x13121110833a49a0', '0x13121110833a49a0']
ON  0xda DW_OP_and 0 [] 15 ['0x0', '0x3', '0xf9f7d9dc', '0x832557bd', '0x13121110833a49a0', '0x13121110833a49a0', '0xffffffff']
ON  0xdb DW_OP_swap 0 [] 14 ['0xf0e0d0c0b0a0908', '0x0', '0x3', '0xf9f7d9dc', '0x832557bd', '0x13121110833a49a0', '0x833a49a0']
ON  0xdc DW_OP_const8u 8 ['0xffffffff00000000'] 14 ['0xf0e0d0c0b0a0908', '0x0', '0x3', '0xf9f7d9dc', '0x832557bd', '0x833a49a0', '0x13121110833a49a0']
ON  0xe5 DW_OP_and 0 [] 15 ['0x0', '0x3', '0xf9f7d9dc', '0x832557bd', '0x833a49a0', '0x13121110833a49a0', '0xffffffff00000000']
ON  0xe6 DW_OP_const1u 1 ['0x20'] 14 ['0xf0e0d0c0b0a0908', '0x0', '0x3', '0xf9f7d9dc', '0x832557bd', '0x833a49a0', '0x1312111000000000']
ON  0xe8 DW_OP_shr 0 [] 15 ['0x0', '0x3', '0xf9f7d9dc', '0x832557bd', '0x833a49a0', '0x1312111000000000', '0x20']
ON  0xe9 DW_OP_dup 0 [] 14 ['0xf0e0d0c0b0a0908', '0x0', '0x3', '0xf9f7d9dc', '0x832557bd', '0x833a49a0', '0x13121110']
ON  0xea DW_OP_rot 0 [] 15 ['0x0', '0x3', '0xf9f7d9dc', '0x832557bd', '0x833a49a0', '0x13121110', '0x13121110']
ON  0xeb DW_OP_pick 1 ['0x4'] 15 ['0x0', '0x3', '0xf9f7d9dc', '0x832557bd', '0x13121110', '0x833a49a0', '0x13121110']
ON  0xed DW_OP_plus 0 [] 16 ['0x3', '0xf9f7d9dc', '0x832557bd', '0x13121110', '0x833a49a0', '0x13121110', '0xf9f7d9dc']
ON  0xee DW_OP_xor 0 [] 15 ['0x0', '0x3', '0xf9f7d9dc', '0x832557bd', '0x13121110', '0x833a49a0', '0x10d09eaec']
ON  0xef DW_OP_const4u 4 ['0xffffffff'] 14 ['0xf0e0d0c0b0a0908', '0x0', '0x3', '0xf9f7d9dc', '0x832557bd', '0x13121110', '0x18e33a34c']
ON  0xf4 DW_OP_and 0 [] 15 ['0x0', '0x3', '0xf9f7d9dc', '0x832557bd', '0x13121110', '0x18e33a34c', '0xffffffff']
ON  0xf5 DW_OP_swap 0 [] 14 ['0xf0e0d0c0b0a0908', '0x0', '0x3', '0xf9f7d9dc', '0x832557bd', '0x13121110', '0x8e33a34c']
ON  0xf6 DW_OP_pick 1 ['0x3'] 14 ['0xf0e0d0c0b0a0908', '0x0', '0x3', '0xf9f7d9dc', '0x832557bd', '0x8e33a34c', '0x13121110']
ON  0xf8 DW_OP_and 0 [] 15 ['0x0', '0x3', '0xf9f7d9dc', '0x832557bd', '0x8e33a34c', '0x13121110', '0xf9f7d9dc']
ON  0xf9 DW_OP_swap 0 [] 14 ['0xf0e0d0c0b0a0908', '0x0', '0x3', '0xf9f7d9dc', '0x832557bd', '0x8e33a34c', '0x11121110']
ON  0xfa DW_OP_dup 0 [] 14 ['0xf0e0d0c0b0a0908', '0x0', '0x3', '0xf9f7d9dc', '0x832557bd', '0x11121110', '0x8e33a34c']
ON  0xfb DW_OP_pick 1 ['0x4'] 15 ['0x0', '0x3', '0xf9f7d9dc', '0x832557bd', '0x11121110', '0x8e33a34c', '0x8e33a34c']
ON  0xfd DW_OP_swap 0 [] 16 ['0x3', '0xf9f7d9dc', '0x832557bd', '0x11121110', '0x8e33a34c', '0x8e33a34c', '0xf9f7d9dc']
ON  0xfe DW_OP_minus 0 [] 16 ['0x3', '0xf9f7d9dc', '0x832557bd', '0x11121110', '0x8e33a34c', '0xf9f7d9dc', '0x8e33a34c']
ON  0xff DW_OP_const4u 4 ['0xffffffff'] 15 ['0x0', '0x3', '0xf9f7d9dc', '0x832557bd', '0x11121110', '0x8e33a34c', '0x6bc43690']
ON  0x104 DW_OP_and 0 [] 16 ['0x3', '0xf9f7d9dc', '0x832557bd', '0x11121110', '0x8e33a34c', '0x6bc43690', '0xffffffff']
ON  0x105 DW_OP_swap 0 [] 15 ['0x0', '0x3', '0xf9f7d9dc', '0x832557bd', '0x11121110', '0x8e33a34c', '0x6bc43690']
ON  0x106 DW_OP_pick 1 ['0x3'] 15 ['0x0', '0x3', '0xf9f7d9dc', '0x832557bd', '0x11121110', '0x6bc43690', '0x8e33a34c']
ON  0x108 DW_OP_const1u 1 ['0xff'] 16 ['0x3', '0xf9f7d9dc', '0x832557bd', '0x11121110', '0x6bc43690', '0x8e33a34c', '0x832557bd']
ON  0x10a DW_OP_and 0 [] 17 ['0xf9f7d9dc', '0x832557bd', '0x11121110', '0x6bc43690', '0x8e33a34c', '0x832557bd', '0xff']
ON  0x10b DW_OP_const1u 1 ['0x2'] 16 ['0x3', '0xf9f7d9dc', '0x832557bd', '0x11121110', '0x6bc43690', '0x8e33a34c', '0xbd']
ON  0x10d DW_OP_shl 0 [] 17 ['0xf9f7d9dc', '0x832557bd', '0x11121110', '0x6bc43690', '0x8e33a34c', '0xbd', '0x2']
ON  0x10e DW_OP_const8u 8 ['0x4006b4'] 16 ['0x3', '0xf9f7d9dc', '0x832557bd', '0x11121110', '0x6bc43690', '0x8e33a34c', '0x2f4']
ON  0x117 DW_OP_plus 0 [] 17 ['0xf9f7d9dc', '0x832557bd', '0x11121110', '0x6bc43690', '0x8e33a34c', '0x2f4', '0x4006b4']
ON  0x118 DW_OP_deref_size 1 ['0x4'] 16 ['0x3', '0xf9f7d9dc', '0x832557bd', '0x11121110', '0x6bc43690', '0x8e33a34c', '0x4009a8']
deref res  3456268917 4
ON  0x11a DW_OP_plus 0 [] 16 ['0x3', '0xf9f7d9dc', '0x832557bd', '0x11121110', '0x6bc43690', '0x8e33a34c', '0xce027a75']
ON  0x11b DW_OP_const4u 4 ['0xffffffff'] 15 ['0x0', '0x3', '0xf9f7d9dc', '0x832557bd', '0x11121110', '0x6bc43690', '0x15c361dc1']
ON  0x120 DW_OP_and 0 [] 16 ['0x3', '0xf9f7d9dc', '0x832557bd', '0x11121110', '0x6bc43690', '0x15c361dc1', '0xffffffff']
ON  0x121 DW_OP_dup 0 [] 15 ['0x0', '0x3', '0xf9f7d9dc', '0x832557bd', '0x11121110', '0x6bc43690', '0x5c361dc1']
ON  0x122 DW_OP_pick 1 ['0x4'] 16 ['0x3', '0xf9f7d9dc', '0x832557bd', '0x11121110', '0x6bc43690', '0x5c361dc1', '0x5c361dc1']
ON  0x124 DW_OP_const1u 1 ['0x8'] 17 ['0xf9f7d9dc', '0x832557bd', '0x11121110', '0x6bc43690', '0x5c361dc1', '0x5c361dc1', '0x832557bd']
ON  0x126 DW_OP_shr 0 [] 18 ['0x832557bd', '0x11121110', '0x6bc43690', '0x5c361dc1', '0x5c361dc1', '0x832557bd', '0x8']
ON  0x127 DW_OP_xor 0 [] 17 ['0xf9f7d9dc', '0x832557bd', '0x11121110', '0x6bc43690', '0x5c361dc1', '0x5c361dc1', '0x832557']
ON  0x128 DW_OP_rot 0 [] 16 ['0x3', '0xf9f7d9dc', '0x832557bd', '0x11121110', '0x6bc43690', '0x5c361dc1', '0x5cb53896']
ON  0x129 DW_OP_rot 0 [] 16 ['0x3', '0xf9f7d9dc', '0x832557bd', '0x11121110', '0x5cb53896', '0x6bc43690', '0x5c361dc1']
ON  0x12a DW_OP_swap 0 [] 16 ['0x3', '0xf9f7d9dc', '0x832557bd', '0x11121110', '0x5c361dc1', '0x5cb53896', '0x6bc43690']
ON  0x12b DW_OP_const1u 1 ['0x20'] 16 ['0x3', '0xf9f7d9dc', '0x832557bd', '0x11121110', '0x5c361dc1', '0x6bc43690', '0x5cb53896']
ON  0x12d DW_OP_shl 0 [] 17 ['0xf9f7d9dc', '0x832557bd', '0x11121110', '0x5c361dc1', '0x6bc43690', '0x5cb53896', '0x20']
ON  0x12e DW_OP_or 0 [] 16 ['0x3', '0xf9f7d9dc', '0x832557bd', '0x11121110', '0x5c361dc1', '0x6bc43690', '0x5cb5389600000000']
ON  0x12f DW_OP_rot 0 [] 15 ['0x0', '0x3', '0xf9f7d9dc', '0x832557bd', '0x11121110', '0x5c361dc1', '0x5cb538966bc43690']
ON  0x130 DW_OP_swap 0 [] 15 ['0x0', '0x3', '0xf9f7d9dc', '0x832557bd', '0x5cb538966bc43690', '0x11121110', '0x5c361dc1']
ON  0x131 DW_OP_const1u 1 ['0x20'] 15 ['0x0', '0x3', '0xf9f7d9dc', '0x832557bd', '0x5cb538966bc43690', '0x5c361dc1', '0x11121110']
ON  0x133 DW_OP_shl 0 [] 16 ['0x3', '0xf9f7d9dc', '0x832557bd', '0x5cb538966bc43690', '0x5c361dc1', '0x11121110', '0x20']
ON  0x134 DW_OP_or 0 [] 15 ['0x0', '0x3', '0xf9f7d9dc', '0x832557bd', '0x5cb538966bc43690', '0x5c361dc1', '0x1112111000000000']
ON  0x135 DW_OP_swap 0 [] 14 ['0xf0e0d0c0b0a0908', '0x0', '0x3', '0xf9f7d9dc', '0x832557bd', '0x5cb538966bc43690', '0x111211105c361dc1']
ON  0x136 DW_OP_rot 0 [] 14 ['0xf0e0d0c0b0a0908', '0x0', '0x3', '0xf9f7d9dc', '0x832557bd', '0x111211105c361dc1', '0x5cb538966bc43690']
ON  0x137 DW_OP_rot 0 [] 14 ['0xf0e0d0c0b0a0908', '0x0', '0x3', '0xf9f7d9dc', '0x5cb538966bc43690', '0x832557bd', '0x111211105c361dc1']
ON  0x138 DW_OP_drop 0 [] 14 ['0xf0e0d0c0b0a0908', '0x0', '0x3', '0xf9f7d9dc', '0x111211105c361dc1', '0x5cb538966bc43690', '0x832557bd']
ON  0x139 DW_OP_rot 0 [] 13 ['0x706050403020100', '0xf0e0d0c0b0a0908', '0x0', '0x3', '0xf9f7d9dc', '0x111211105c361dc1', '0x5cb538966bc43690']
ON  0x13a DW_OP_rot 0 [] 13 ['0x706050403020100', '0xf0e0d0c0b0a0908', '0x0', '0x3', '0x5cb538966bc43690', '0xf9f7d9dc', '0x111211105c361dc1']
ON  0x13b DW_OP_drop 0 [] 13 ['0x706050403020100', '0xf0e0d0c0b0a0908', '0x0', '0x3', '0x111211105c361dc1', '0x5cb538966bc43690', '0xf9f7d9dc']
ON  0x13c DW_OP_rot 0 [] 12 ['0x0', '0x706050403020100', '0xf0e0d0c0b0a0908', '0x0', '0x3', '0x111211105c361dc1', '0x5cb538966bc43690']
ON  0x13d DW_OP_rot 0 [] 12 ['0x0', '0x706050403020100', '0xf0e0d0c0b0a0908', '0x0', '0x5cb538966bc43690', '0x3', '0x111211105c361dc1']
ON  0x13e DW_OP_const1u 1 ['0x1'] 12 ['0x0', '0x706050403020100', '0xf0e0d0c0b0a0908', '0x0', '0x111211105c361dc1', '0x5cb538966bc43690', '0x3']
ON  0x140 DW_OP_minus 0 [] 13 ['0x706050403020100', '0xf0e0d0c0b0a0908', '0x0', '0x111211105c361dc1', '0x5cb538966bc43690', '0x3', '0x1']
ON  0x141 DW_OP_dup 0 [] 12 ['0x0', '0x706050403020100', '0xf0e0d0c0b0a0908', '0x0', '0x111211105c361dc1', '0x5cb538966bc43690', '0x2']
ON  0x142 DW_OP_bra 2 ['-0x91'] 13 ['0x706050403020100', '0xf0e0d0c0b0a0908', '0x0', '0x111211105c361dc1', '0x5cb538966bc43690', '0x2', '0x2']
ON  0xb4 DW_OP_rot 0 [] 12 ['0x0', '0x706050403020100', '0xf0e0d0c0b0a0908', '0x0', '0x111211105c361dc1', '0x5cb538966bc43690', '0x2']
ON  0xb5 DW_OP_dup 0 [] 12 ['0x0', '0x706050403020100', '0xf0e0d0c0b0a0908', '0x0', '0x2', '0x111211105c361dc1', '0x5cb538966bc43690']
ON  0xb6 DW_OP_const8u 8 ['0xffffffff'] 13 ['0x706050403020100', '0xf0e0d0c0b0a0908', '0x0', '0x2', '0x111211105c361dc1', '0x5cb538966bc43690', '0x5cb538966bc43690']
ON  0xbf DW_OP_and 0 [] 14 ['0xf0e0d0c0b0a0908', '0x0', '0x2', '0x111211105c361dc1', '0x5cb538966bc43690', '0x5cb538966bc43690', '0xffffffff']
ON  0xc0 DW_OP_swap 0 [] 13 ['0x706050403020100', '0xf0e0d0c0b0a0908', '0x0', '0x2', '0x111211105c361dc1', '0x5cb538966bc43690', '0x6bc43690']
ON  0xc1 DW_OP_const8u 8 ['0xffffffff00000000'] 13 ['0x706050403020100', '0xf0e0d0c0b0a0908', '0x0', '0x2', '0x111211105c361dc1', '0x6bc43690', '0x5cb538966bc43690']
ON  0xca DW_OP_and 0 [] 14 ['0xf0e0d0c0b0a0908', '0x0', '0x2', '0x111211105c361dc1', '0x6bc43690', '0x5cb538966bc43690', '0xffffffff00000000']
ON  0xcb DW_OP_const1u 1 ['0x20'] 13 ['0x706050403020100', '0xf0e0d0c0b0a0908', '0x0', '0x2', '0x111211105c361dc1', '0x6bc43690', '0x5cb5389600000000']
ON  0xcd DW_OP_shr 0 [] 14 ['0xf0e0d0c0b0a0908', '0x0', '0x2', '0x111211105c361dc1', '0x6bc43690', '0x5cb5389600000000', '0x20']
ON  0xce DW_OP_rot 0 [] 13 ['0x706050403020100', '0xf0e0d0c0b0a0908', '0x0', '0x2', '0x111211105c361dc1', '0x6bc43690', '0x5cb53896']
ON  0xcf DW_OP_rot 0 [] 13 ['0x706050403020100', '0xf0e0d0c0b0a0908', '0x0', '0x2', '0x5cb53896', '0x111211105c361dc1', '0x6bc43690']
ON  0xd0 DW_OP_dup 0 [] 13 ['0x706050403020100', '0xf0e0d0c0b0a0908', '0x0', '0x2', '0x6bc43690', '0x5cb53896', '0x111211105c361dc1']
ON  0xd1 DW_OP_const8u 8 ['0xffffffff'] 14 ['0xf0e0d0c0b0a0908', '0x0', '0x2', '0x6bc43690', '0x5cb53896', '0x111211105c361dc1', '0x111211105c361dc1']
ON  0xda DW_OP_and 0 [] 15 ['0x0', '0x2', '0x6bc43690', '0x5cb53896', '0x111211105c361dc1', '0x111211105c361dc1', '0xffffffff']
ON  0xdb DW_OP_swap 0 [] 14 ['0xf0e0d0c0b0a0908', '0x0', '0x2', '0x6bc43690', '0x5cb53896', '0x111211105c361dc1', '0x5c361dc1']
ON  0xdc DW_OP_const8u 8 ['0xffffffff00000000'] 14 ['0xf0e0d0c0b0a0908', '0x0', '0x2', '0x6bc43690', '0x5cb53896', '0x5c361dc1', '0x111211105c361dc1']
ON  0xe5 DW_OP_and 0 [] 15 ['0x0', '0x2', '0x6bc43690', '0x5cb53896', '0x5c361dc1', '0x111211105c361dc1', '0xffffffff00000000']
ON  0xe6 DW_OP_const1u 1 ['0x20'] 14 ['0xf0e0d0c0b0a0908', '0x0', '0x2', '0x6bc43690', '0x5cb53896', '0x5c361dc1', '0x1112111000000000']
ON  0xe8 DW_OP_shr 0 [] 15 ['0x0', '0x2', '0x6bc43690', '0x5cb53896', '0x5c361dc1', '0x1112111000000000', '0x20']
ON  0xe9 DW_OP_dup 0 [] 14 ['0xf0e0d0c0b0a0908', '0x0', '0x2', '0x6bc43690', '0x5cb53896', '0x5c361dc1', '0x11121110']
ON  0xea DW_OP_rot 0 [] 15 ['0x0', '0x2', '0x6bc43690', '0x5cb53896', '0x5c361dc1', '0x11121110', '0x11121110']
ON  0xeb DW_OP_pick 1 ['0x4'] 15 ['0x0', '0x2', '0x6bc43690', '0x5cb53896', '0x11121110', '0x5c361dc1', '0x11121110']
ON  0xed DW_OP_plus 0 [] 16 ['0x2', '0x6bc43690', '0x5cb53896', '0x11121110', '0x5c361dc1', '0x11121110', '0x6bc43690']
ON  0xee DW_OP_xor 0 [] 15 ['0x0', '0x2', '0x6bc43690', '0x5cb53896', '0x11121110', '0x5c361dc1', '0x7cd647a0']
ON  0xef DW_OP_const4u 4 ['0xffffffff'] 14 ['0xf0e0d0c0b0a0908', '0x0', '0x2', '0x6bc43690', '0x5cb53896', '0x11121110', '0x20e05a61']
ON  0xf4 DW_OP_and 0 [] 15 ['0x0', '0x2', '0x6bc43690', '0x5cb53896', '0x11121110', '0x20e05a61', '0xffffffff']
ON  0xf5 DW_OP_swap 0 [] 14 ['0xf0e0d0c0b0a0908', '0x0', '0x2', '0x6bc43690', '0x5cb53896', '0x11121110', '0x20e05a61']
ON  0xf6 DW_OP_pick 1 ['0x3'] 14 ['0xf0e0d0c0b0a0908', '0x0', '0x2', '0x6bc43690', '0x5cb53896', '0x20e05a61', '0x11121110']
ON  0xf8 DW_OP_and 0 [] 15 ['0x0', '0x2', '0x6bc43690', '0x5cb53896', '0x20e05a61', '0x11121110', '0x6bc43690']
ON  0xf9 DW_OP_swap 0 [] 14 ['0xf0e0d0c0b0a0908', '0x0', '0x2', '0x6bc43690', '0x5cb53896', '0x20e05a61', '0x1001010']
ON  0xfa DW_OP_dup 0 [] 14 ['0xf0e0d0c0b0a0908', '0x0', '0x2', '0x6bc43690', '0x5cb53896', '0x1001010', '0x20e05a61']
ON  0xfb DW_OP_pick 1 ['0x4'] 15 ['0x0', '0x2', '0x6bc43690', '0x5cb53896', '0x1001010', '0x20e05a61', '0x20e05a61']
ON  0xfd DW_OP_swap 0 [] 16 ['0x2', '0x6bc43690', '0x5cb53896', '0x1001010', '0x20e05a61', '0x20e05a61', '0x6bc43690']
ON  0xfe DW_OP_minus 0 [] 16 ['0x2', '0x6bc43690', '0x5cb53896', '0x1001010', '0x20e05a61', '0x6bc43690', '0x20e05a61']
ON  0xff DW_OP_const4u 4 ['0xffffffff'] 15 ['0x0', '0x2', '0x6bc43690', '0x5cb53896', '0x1001010', '0x20e05a61', '0x4ae3dc2f']
ON  0x104 DW_OP_and 0 [] 16 ['0x2', '0x6bc43690', '0x5cb53896', '0x1001010', '0x20e05a61', '0x4ae3dc2f', '0xffffffff']
ON  0x105 DW_OP_swap 0 [] 15 ['0x0', '0x2', '0x6bc43690', '0x5cb53896', '0x1001010', '0x20e05a61', '0x4ae3dc2f']
ON  0x106 DW_OP_pick 1 ['0x3'] 15 ['0x0', '0x2', '0x6bc43690', '0x5cb53896', '0x1001010', '0x4ae3dc2f', '0x20e05a61']
ON  0x108 DW_OP_const1u 1 ['0xff'] 16 ['0x2', '0x6bc43690', '0x5cb53896', '0x1001010', '0x4ae3dc2f', '0x20e05a61', '0x5cb53896']
ON  0x10a DW_OP_and 0 [] 17 ['0x6bc43690', '0x5cb53896', '0x1001010', '0x4ae3dc2f', '0x20e05a61', '0x5cb53896', '0xff']
ON  0x10b DW_OP_const1u 1 ['0x2'] 16 ['0x2', '0x6bc43690', '0x5cb53896', '0x1001010', '0x4ae3dc2f', '0x20e05a61', '0x96']
ON  0x10d DW_OP_shl 0 [] 17 ['0x6bc43690', '0x5cb53896', '0x1001010', '0x4ae3dc2f', '0x20e05a61', '0x96', '0x2']
ON  0x10e DW_OP_const8u 8 ['0x4006b4'] 16 ['0x2', '0x6bc43690', '0x5cb53896', '0x1001010', '0x4ae3dc2f', '0x20e05a61', '0x258']
ON  0x117 DW_OP_plus 0 [] 17 ['0x6bc43690', '0x5cb53896', '0x1001010', '0x4ae3dc2f', '0x20e05a61', '0x258', '0x4006b4']
ON  0x118 DW_OP_deref_size 1 ['0x4'] 16 ['0x2', '0x6bc43690', '0x5cb53896', '0x1001010', '0x4ae3dc2f', '0x20e05a61', '0x40090c']
deref res  300973050 4
ON  0x11a DW_OP_plus 0 [] 16 ['0x2', '0x6bc43690', '0x5cb53896', '0x1001010', '0x4ae3dc2f', '0x20e05a61', '0x11f07bfa']
ON  0x11b DW_OP_const4u 4 ['0xffffffff'] 15 ['0x0', '0x2', '0x6bc43690', '0x5cb53896', '0x1001010', '0x4ae3dc2f', '0x32d0d65b']
ON  0x120 DW_OP_and 0 [] 16 ['0x2', '0x6bc43690', '0x5cb53896', '0x1001010', '0x4ae3dc2f', '0x32d0d65b', '0xffffffff']
ON  0x121 DW_OP_dup 0 [] 15 ['0x0', '0x2', '0x6bc43690', '0x5cb53896', '0x1001010', '0x4ae3dc2f', '0x32d0d65b']
ON  0x122 DW_OP_pick 1 ['0x4'] 16 ['0x2', '0x6bc43690', '0x5cb53896', '0x1001010', '0x4ae3dc2f', '0x32d0d65b', '0x32d0d65b']
ON  0x124 DW_OP_const1u 1 ['0x8'] 17 ['0x6bc43690', '0x5cb53896', '0x1001010', '0x4ae3dc2f', '0x32d0d65b', '0x32d0d65b', '0x5cb53896']
ON  0x126 DW_OP_shr 0 [] 18 ['0x5cb53896', '0x1001010', '0x4ae3dc2f', '0x32d0d65b', '0x32d0d65b', '0x5cb53896', '0x8']
ON  0x127 DW_OP_xor 0 [] 17 ['0x6bc43690', '0x5cb53896', '0x1001010', '0x4ae3dc2f', '0x32d0d65b', '0x32d0d65b', '0x5cb538']
ON  0x128 DW_OP_rot 0 [] 16 ['0x2', '0x6bc43690', '0x5cb53896', '0x1001010', '0x4ae3dc2f', '0x32d0d65b', '0x328c6363']
ON  0x129 DW_OP_rot 0 [] 16 ['0x2', '0x6bc43690', '0x5cb53896', '0x1001010', '0x328c6363', '0x4ae3dc2f', '0x32d0d65b']
ON  0x12a DW_OP_swap 0 [] 16 ['0x2', '0x6bc43690', '0x5cb53896', '0x1001010', '0x32d0d65b', '0x328c6363', '0x4ae3dc2f']
ON  0x12b DW_OP_const1u 1 ['0x20'] 16 ['0x2', '0x6bc43690', '0x5cb53896', '0x1001010', '0x32d0d65b', '0x4ae3dc2f', '0x328c6363']
ON  0x12d DW_OP_shl 0 [] 17 ['0x6bc43690', '0x5cb53896', '0x1001010', '0x32d0d65b', '0x4ae3dc2f', '0x328c6363', '0x20']
ON  0x12e DW_OP_or 0 [] 16 ['0x2', '0x6bc43690', '0x5cb53896', '0x1001010', '0x32d0d65b', '0x4ae3dc2f', '0x328c636300000000']
ON  0x12f DW_OP_rot 0 [] 15 ['0x0', '0x2', '0x6bc43690', '0x5cb53896', '0x1001010', '0x32d0d65b', '0x328c63634ae3dc2f']
ON  0x130 DW_OP_swap 0 [] 15 ['0x0', '0x2', '0x6bc43690', '0x5cb53896', '0x328c63634ae3dc2f', '0x1001010', '0x32d0d65b']
ON  0x131 DW_OP_const1u 1 ['0x20'] 15 ['0x0', '0x2', '0x6bc43690', '0x5cb53896', '0x328c63634ae3dc2f', '0x32d0d65b', '0x1001010']
ON  0x133 DW_OP_shl 0 [] 16 ['0x2', '0x6bc43690', '0x5cb53896', '0x328c63634ae3dc2f', '0x32d0d65b', '0x1001010', '0x20']
ON  0x134 DW_OP_or 0 [] 15 ['0x0', '0x2', '0x6bc43690', '0x5cb53896', '0x328c63634ae3dc2f', '0x32d0d65b', '0x100101000000000']
ON  0x135 DW_OP_swap 0 [] 14 ['0xf0e0d0c0b0a0908', '0x0', '0x2', '0x6bc43690', '0x5cb53896', '0x328c63634ae3dc2f', '0x100101032d0d65b']
ON  0x136 DW_OP_rot 0 [] 14 ['0xf0e0d0c0b0a0908', '0x0', '0x2', '0x6bc43690', '0x5cb53896', '0x100101032d0d65b', '0x328c63634ae3dc2f']
ON  0x137 DW_OP_rot 0 [] 14 ['0xf0e0d0c0b0a0908', '0x0', '0x2', '0x6bc43690', '0x328c63634ae3dc2f', '0x5cb53896', '0x100101032d0d65b']
ON  0x138 DW_OP_drop 0 [] 14 ['0xf0e0d0c0b0a0908', '0x0', '0x2', '0x6bc43690', '0x100101032d0d65b', '0x328c63634ae3dc2f', '0x5cb53896']
ON  0x139 DW_OP_rot 0 [] 13 ['0x706050403020100', '0xf0e0d0c0b0a0908', '0x0', '0x2', '0x6bc43690', '0x100101032d0d65b', '0x328c63634ae3dc2f']
ON  0x13a DW_OP_rot 0 [] 13 ['0x706050403020100', '0xf0e0d0c0b0a0908', '0x0', '0x2', '0x328c63634ae3dc2f', '0x6bc43690', '0x100101032d0d65b']
ON  0x13b DW_OP_drop 0 [] 13 ['0x706050403020100', '0xf0e0d0c0b0a0908', '0x0', '0x2', '0x100101032d0d65b', '0x328c63634ae3dc2f', '0x6bc43690']
ON  0x13c DW_OP_rot 0 [] 12 ['0x0', '0x706050403020100', '0xf0e0d0c0b0a0908', '0x0', '0x2', '0x100101032d0d65b', '0x328c63634ae3dc2f']
ON  0x13d DW_OP_rot 0 [] 12 ['0x0', '0x706050403020100', '0xf0e0d0c0b0a0908', '0x0', '0x328c63634ae3dc2f', '0x2', '0x100101032d0d65b']
ON  0x13e DW_OP_const1u 1 ['0x1'] 12 ['0x0', '0x706050403020100', '0xf0e0d0c0b0a0908', '0x0', '0x100101032d0d65b', '0x328c63634ae3dc2f', '0x2']
ON  0x140 DW_OP_minus 0 [] 13 ['0x706050403020100', '0xf0e0d0c0b0a0908', '0x0', '0x100101032d0d65b', '0x328c63634ae3dc2f', '0x2', '0x1']
ON  0x141 DW_OP_dup 0 [] 12 ['0x0', '0x706050403020100', '0xf0e0d0c0b0a0908', '0x0', '0x100101032d0d65b', '0x328c63634ae3dc2f', '0x1']
ON  0x142 DW_OP_bra 2 ['-0x91'] 13 ['0x706050403020100', '0xf0e0d0c0b0a0908', '0x0', '0x100101032d0d65b', '0x328c63634ae3dc2f', '0x1', '0x1']
ON  0xb4 DW_OP_rot 0 [] 12 ['0x0', '0x706050403020100', '0xf0e0d0c0b0a0908', '0x0', '0x100101032d0d65b', '0x328c63634ae3dc2f', '0x1']
ON  0xb5 DW_OP_dup 0 [] 12 ['0x0', '0x706050403020100', '0xf0e0d0c0b0a0908', '0x0', '0x1', '0x100101032d0d65b', '0x328c63634ae3dc2f']
ON  0xb6 DW_OP_const8u 8 ['0xffffffff'] 13 ['0x706050403020100', '0xf0e0d0c0b0a0908', '0x0', '0x1', '0x100101032d0d65b', '0x328c63634ae3dc2f', '0x328c63634ae3dc2f']
ON  0xbf DW_OP_and 0 [] 14 ['0xf0e0d0c0b0a0908', '0x0', '0x1', '0x100101032d0d65b', '0x328c63634ae3dc2f', '0x328c63634ae3dc2f', '0xffffffff']
ON  0xc0 DW_OP_swap 0 [] 13 ['0x706050403020100', '0xf0e0d0c0b0a0908', '0x0', '0x1', '0x100101032d0d65b', '0x328c63634ae3dc2f', '0x4ae3dc2f']
ON  0xc1 DW_OP_const8u 8 ['0xffffffff00000000'] 13 ['0x706050403020100', '0xf0e0d0c0b0a0908', '0x0', '0x1', '0x100101032d0d65b', '0x4ae3dc2f', '0x328c63634ae3dc2f']
ON  0xca DW_OP_and 0 [] 14 ['0xf0e0d0c0b0a0908', '0x0', '0x1', '0x100101032d0d65b', '0x4ae3dc2f', '0x328c63634ae3dc2f', '0xffffffff00000000']
ON  0xcb DW_OP_const1u 1 ['0x20'] 13 ['0x706050403020100', '0xf0e0d0c0b0a0908', '0x0', '0x1', '0x100101032d0d65b', '0x4ae3dc2f', '0x328c636300000000']
ON  0xcd DW_OP_shr 0 [] 14 ['0xf0e0d0c0b0a0908', '0x0', '0x1', '0x100101032d0d65b', '0x4ae3dc2f', '0x328c636300000000', '0x20']
ON  0xce DW_OP_rot 0 [] 13 ['0x706050403020100', '0xf0e0d0c0b0a0908', '0x0', '0x1', '0x100101032d0d65b', '0x4ae3dc2f', '0x328c6363']
ON  0xcf DW_OP_rot 0 [] 13 ['0x706050403020100', '0xf0e0d0c0b0a0908', '0x0', '0x1', '0x328c6363', '0x100101032d0d65b', '0x4ae3dc2f']
ON  0xd0 DW_OP_dup 0 [] 13 ['0x706050403020100', '0xf0e0d0c0b0a0908', '0x0', '0x1', '0x4ae3dc2f', '0x328c6363', '0x100101032d0d65b']
ON  0xd1 DW_OP_const8u 8 ['0xffffffff'] 14 ['0xf0e0d0c0b0a0908', '0x0', '0x1', '0x4ae3dc2f', '0x328c6363', '0x100101032d0d65b', '0x100101032d0d65b']
ON  0xda DW_OP_and 0 [] 15 ['0x0', '0x1', '0x4ae3dc2f', '0x328c6363', '0x100101032d0d65b', '0x100101032d0d65b', '0xffffffff']
ON  0xdb DW_OP_swap 0 [] 14 ['0xf0e0d0c0b0a0908', '0x0', '0x1', '0x4ae3dc2f', '0x328c6363', '0x100101032d0d65b', '0x32d0d65b']
ON  0xdc DW_OP_const8u 8 ['0xffffffff00000000'] 14 ['0xf0e0d0c0b0a0908', '0x0', '0x1', '0x4ae3dc2f', '0x328c6363', '0x32d0d65b', '0x100101032d0d65b']
ON  0xe5 DW_OP_and 0 [] 15 ['0x0', '0x1', '0x4ae3dc2f', '0x328c6363', '0x32d0d65b', '0x100101032d0d65b', '0xffffffff00000000']
ON  0xe6 DW_OP_const1u 1 ['0x20'] 14 ['0xf0e0d0c0b0a0908', '0x0', '0x1', '0x4ae3dc2f', '0x328c6363', '0x32d0d65b', '0x100101000000000']
ON  0xe8 DW_OP_shr 0 [] 15 ['0x0', '0x1', '0x4ae3dc2f', '0x328c6363', '0x32d0d65b', '0x100101000000000', '0x20']
ON  0xe9 DW_OP_dup 0 [] 14 ['0xf0e0d0c0b0a0908', '0x0', '0x1', '0x4ae3dc2f', '0x328c6363', '0x32d0d65b', '0x1001010']
ON  0xea DW_OP_rot 0 [] 15 ['0x0', '0x1', '0x4ae3dc2f', '0x328c6363', '0x32d0d65b', '0x1001010', '0x1001010']
ON  0xeb DW_OP_pick 1 ['0x4'] 15 ['0x0', '0x1', '0x4ae3dc2f', '0x328c6363', '0x1001010', '0x32d0d65b', '0x1001010']
ON  0xed DW_OP_plus 0 [] 16 ['0x1', '0x4ae3dc2f', '0x328c6363', '0x1001010', '0x32d0d65b', '0x1001010', '0x4ae3dc2f']
ON  0xee DW_OP_xor 0 [] 15 ['0x0', '0x1', '0x4ae3dc2f', '0x328c6363', '0x1001010', '0x32d0d65b', '0x4be3ec3f']
ON  0xef DW_OP_const4u 4 ['0xffffffff'] 14 ['0xf0e0d0c0b0a0908', '0x0', '0x1', '0x4ae3dc2f', '0x328c6363', '0x1001010', '0x79333a64']
ON  0xf4 DW_OP_and 0 [] 15 ['0x0', '0x1', '0x4ae3dc2f', '0x328c6363', '0x1001010', '0x79333a64', '0xffffffff']
ON  0xf5 DW_OP_swap 0 [] 14 ['0xf0e0d0c0b0a0908', '0x0', '0x1', '0x4ae3dc2f', '0x328c6363', '0x1001010', '0x79333a64']
ON  0xf6 DW_OP_pick 1 ['0x3'] 14 ['0xf0e0d0c0b0a0908', '0x0', '0x1', '0x4ae3dc2f', '0x328c6363', '0x79333a64', '0x1001010']
ON  0xf8 DW_OP_and 0 [] 15 ['0x0', '0x1', '0x4ae3dc2f', '0x328c6363', '0x79333a64', '0x1001010', '0x4ae3dc2f']
ON  0xf9 DW_OP_swap 0 [] 14 ['0xf0e0d0c0b0a0908', '0x0', '0x1', '0x4ae3dc2f', '0x328c6363', '0x79333a64', '0x1000']
ON  0xfa DW_OP_dup 0 [] 14 ['0xf0e0d0c0b0a0908', '0x0', '0x1', '0x4ae3dc2f', '0x328c6363', '0x1000', '0x79333a64']
ON  0xfb DW_OP_pick 1 ['0x4'] 15 ['0x0', '0x1', '0x4ae3dc2f', '0x328c6363', '0x1000', '0x79333a64', '0x79333a64']
ON  0xfd DW_OP_swap 0 [] 16 ['0x1', '0x4ae3dc2f', '0x328c6363', '0x1000', '0x79333a64', '0x79333a64', '0x4ae3dc2f']
ON  0xfe DW_OP_minus 0 [] 16 ['0x1', '0x4ae3dc2f', '0x328c6363', '0x1000', '0x79333a64', '0x4ae3dc2f', '0x79333a64']
ON  0xff DW_OP_const4u 4 ['0xffffffff'] 15 ['0x0', '0x1', '0x4ae3dc2f', '0x328c6363', '0x1000', '0x79333a64', '-0x2e4f5e35']
ON  0x104 DW_OP_and 0 [] 16 ['0x1', '0x4ae3dc2f', '0x328c6363', '0x1000', '0x79333a64', '-0x2e4f5e35', '0xffffffff']
ON  0x105 DW_OP_swap 0 [] 15 ['0x0', '0x1', '0x4ae3dc2f', '0x328c6363', '0x1000', '0x79333a64', '0xd1b0a1cb']
ON  0x106 DW_OP_pick 1 ['0x3'] 15 ['0x0', '0x1', '0x4ae3dc2f', '0x328c6363', '0x1000', '0xd1b0a1cb', '0x79333a64']
ON  0x108 DW_OP_const1u 1 ['0xff'] 16 ['0x1', '0x4ae3dc2f', '0x328c6363', '0x1000', '0xd1b0a1cb', '0x79333a64', '0x328c6363']
ON  0x10a DW_OP_and 0 [] 17 ['0x4ae3dc2f', '0x328c6363', '0x1000', '0xd1b0a1cb', '0x79333a64', '0x328c6363', '0xff']
ON  0x10b DW_OP_const1u 1 ['0x2'] 16 ['0x1', '0x4ae3dc2f', '0x328c6363', '0x1000', '0xd1b0a1cb', '0x79333a64', '0x63']
ON  0x10d DW_OP_shl 0 [] 17 ['0x4ae3dc2f', '0x328c6363', '0x1000', '0xd1b0a1cb', '0x79333a64', '0x63', '0x2']
ON  0x10e DW_OP_const8u 8 ['0x4006b4'] 16 ['0x1', '0x4ae3dc2f', '0x328c6363', '0x1000', '0xd1b0a1cb', '0x79333a64', '0x18c']
ON  0x117 DW_OP_plus 0 [] 17 ['0x4ae3dc2f', '0x328c6363', '0x1000', '0xd1b0a1cb', '0x79333a64', '0x18c', '0x4006b4']
ON  0x118 DW_OP_deref_size 1 ['0x4'] 16 ['0x1', '0x4ae3dc2f', '0x328c6363', '0x1000', '0xd1b0a1cb', '0x79333a64', '0x400840']
deref res  889184632 4
ON  0x11a DW_OP_plus 0 [] 16 ['0x1', '0x4ae3dc2f', '0x328c6363', '0x1000', '0xd1b0a1cb', '0x79333a64', '0x34ffe178']
ON  0x11b DW_OP_const4u 4 ['0xffffffff'] 15 ['0x0', '0x1', '0x4ae3dc2f', '0x328c6363', '0x1000', '0xd1b0a1cb', '0xae331bdc']
ON  0x120 DW_OP_and 0 [] 16 ['0x1', '0x4ae3dc2f', '0x328c6363', '0x1000', '0xd1b0a1cb', '0xae331bdc', '0xffffffff']
ON  0x121 DW_OP_dup 0 [] 15 ['0x0', '0x1', '0x4ae3dc2f', '0x328c6363', '0x1000', '0xd1b0a1cb', '0xae331bdc']
ON  0x122 DW_OP_pick 1 ['0x4'] 16 ['0x1', '0x4ae3dc2f', '0x328c6363', '0x1000', '0xd1b0a1cb', '0xae331bdc', '0xae331bdc']
ON  0x124 DW_OP_const1u 1 ['0x8'] 17 ['0x4ae3dc2f', '0x328c6363', '0x1000', '0xd1b0a1cb', '0xae331bdc', '0xae331bdc', '0x328c6363']
ON  0x126 DW_OP_shr 0 [] 18 ['0x328c6363', '0x1000', '0xd1b0a1cb', '0xae331bdc', '0xae331bdc', '0x328c6363', '0x8']
ON  0x127 DW_OP_xor 0 [] 17 ['0x4ae3dc2f', '0x328c6363', '0x1000', '0xd1b0a1cb', '0xae331bdc', '0xae331bdc', '0x328c63']
ON  0x128 DW_OP_rot 0 [] 16 ['0x1', '0x4ae3dc2f', '0x328c6363', '0x1000', '0xd1b0a1cb', '0xae331bdc', '0xae0197bf']
ON  0x129 DW_OP_rot 0 [] 16 ['0x1', '0x4ae3dc2f', '0x328c6363', '0x1000', '0xae0197bf', '0xd1b0a1cb', '0xae331bdc']
ON  0x12a DW_OP_swap 0 [] 16 ['0x1', '0x4ae3dc2f', '0x328c6363', '0x1000', '0xae331bdc', '0xae0197bf', '0xd1b0a1cb']
ON  0x12b DW_OP_const1u 1 ['0x20'] 16 ['0x1', '0x4ae3dc2f', '0x328c6363', '0x1000', '0xae331bdc', '0xd1b0a1cb', '0xae0197bf']
ON  0x12d DW_OP_shl 0 [] 17 ['0x4ae3dc2f', '0x328c6363', '0x1000', '0xae331bdc', '0xd1b0a1cb', '0xae0197bf', '0x20']
ON  0x12e DW_OP_or 0 [] 16 ['0x1', '0x4ae3dc2f', '0x328c6363', '0x1000', '0xae331bdc', '0xd1b0a1cb', '0xae0197bf00000000']
ON  0x12f DW_OP_rot 0 [] 15 ['0x0', '0x1', '0x4ae3dc2f', '0x328c6363', '0x1000', '0xae331bdc', '0xae0197bfd1b0a1cb']
ON  0x130 DW_OP_swap 0 [] 15 ['0x0', '0x1', '0x4ae3dc2f', '0x328c6363', '0xae0197bfd1b0a1cb', '0x1000', '0xae331bdc']
ON  0x131 DW_OP_const1u 1 ['0x20'] 15 ['0x0', '0x1', '0x4ae3dc2f', '0x328c6363', '0xae0197bfd1b0a1cb', '0xae331bdc', '0x1000']
ON  0x133 DW_OP_shl 0 [] 16 ['0x1', '0x4ae3dc2f', '0x328c6363', '0xae0197bfd1b0a1cb', '0xae331bdc', '0x1000', '0x20']
ON  0x134 DW_OP_or 0 [] 15 ['0x0', '0x1', '0x4ae3dc2f', '0x328c6363', '0xae0197bfd1b0a1cb', '0xae331bdc', '0x100000000000']
ON  0x135 DW_OP_swap 0 [] 14 ['0xf0e0d0c0b0a0908', '0x0', '0x1', '0x4ae3dc2f', '0x328c6363', '0xae0197bfd1b0a1cb', '0x1000ae331bdc']
ON  0x136 DW_OP_rot 0 [] 14 ['0xf0e0d0c0b0a0908', '0x0', '0x1', '0x4ae3dc2f', '0x328c6363', '0x1000ae331bdc', '0xae0197bfd1b0a1cb']
ON  0x137 DW_OP_rot 0 [] 14 ['0xf0e0d0c0b0a0908', '0x0', '0x1', '0x4ae3dc2f', '0xae0197bfd1b0a1cb', '0x328c6363', '0x1000ae331bdc']
ON  0x138 DW_OP_drop 0 [] 14 ['0xf0e0d0c0b0a0908', '0x0', '0x1', '0x4ae3dc2f', '0x1000ae331bdc', '0xae0197bfd1b0a1cb', '0x328c6363']
ON  0x139 DW_OP_rot 0 [] 13 ['0x706050403020100', '0xf0e0d0c0b0a0908', '0x0', '0x1', '0x4ae3dc2f', '0x1000ae331bdc', '0xae0197bfd1b0a1cb']
ON  0x13a DW_OP_rot 0 [] 13 ['0x706050403020100', '0xf0e0d0c0b0a0908', '0x0', '0x1', '0xae0197bfd1b0a1cb', '0x4ae3dc2f', '0x1000ae331bdc']
ON  0x13b DW_OP_drop 0 [] 13 ['0x706050403020100', '0xf0e0d0c0b0a0908', '0x0', '0x1', '0x1000ae331bdc', '0xae0197bfd1b0a1cb', '0x4ae3dc2f']
ON  0x13c DW_OP_rot 0 [] 12 ['0x0', '0x706050403020100', '0xf0e0d0c0b0a0908', '0x0', '0x1', '0x1000ae331bdc', '0xae0197bfd1b0a1cb']
ON  0x13d DW_OP_rot 0 [] 12 ['0x0', '0x706050403020100', '0xf0e0d0c0b0a0908', '0x0', '0xae0197bfd1b0a1cb', '0x1', '0x1000ae331bdc']
ON  0x13e DW_OP_const1u 1 ['0x1'] 12 ['0x0', '0x706050403020100', '0xf0e0d0c0b0a0908', '0x0', '0x1000ae331bdc', '0xae0197bfd1b0a1cb', '0x1']
ON  0x140 DW_OP_minus 0 [] 13 ['0x706050403020100', '0xf0e0d0c0b0a0908', '0x0', '0x1000ae331bdc', '0xae0197bfd1b0a1cb', '0x1', '0x1']
ON  0x141 DW_OP_dup 0 [] 12 ['0x0', '0x706050403020100', '0xf0e0d0c0b0a0908', '0x0', '0x1000ae331bdc', '0xae0197bfd1b0a1cb', '0x0']
ON  0x142 DW_OP_bra 2 ['-0x91'] 13 ['0x706050403020100', '0xf0e0d0c0b0a0908', '0x0', '0x1000ae331bdc', '0xae0197bfd1b0a1cb', '0x0', '0x0']

exit loop1
return
