\BOOKMARK [1][-]{section.1}{R\351cup\351ration du jeu}{}% 1
\BOOKMARK [1][-]{section.2}{Niveau 1}{}% 2
\BOOKMARK [2][-]{subsection.2.1}{SOS}{section.2}% 3
\BOOKMARK [3][-]{subsubsection.2.1.1}{En deux mots}{subsection.2.1}% 4
\BOOKMARK [3][-]{subsubsection.2.1.2}{En trois}{subsection.2.1}% 5
\BOOKMARK [2][-]{subsection.2.2}{Calc}{section.2}% 6
\BOOKMARK [3][-]{subsubsection.2.2.1}{TL;DR}{subsection.2.2}% 7
\BOOKMARK [3][-]{subsubsection.2.2.2}{J'annonce, cette partie est chiante}{subsection.2.2}% 8
\BOOKMARK [3][-]{subsubsection.2.2.3}{Ressources}{subsection.2.2}% 9
\BOOKMARK [1][-]{section.3}{Niveau 2}{}% 10
\BOOKMARK [2][-]{subsection.3.1}{efi}{section.3}% 11
\BOOKMARK [3][-]{subsubsection.3.1.1}{La version o\371 je raconte pas ma vie}{subsection.3.1}% 12
\BOOKMARK [3][-]{subsubsection.3.1.2}{Par contre l\340...}{subsection.3.1}% 13
\BOOKMARK [3][-]{subsubsection.3.1.3}{Ressources}{subsection.3.1}% 14
\BOOKMARK [2][-]{subsection.3.2}{Huge}{section.3}% 15
\BOOKMARK [3][-]{subsubsection.3.2.1}{Sparse representation}{subsection.3.2}% 16
\BOOKMARK [3][-]{subsubsection.3.2.2}{TL;WTL}{subsection.3.2}% 17
\BOOKMARK [3][-]{subsubsection.3.2.3}{Ressources}{subsection.3.2}% 18
\BOOKMARK [1][-]{section.4}{Niveau 3, Floating through long wasted days}{}% 19
\BOOKMARK [2][-]{subsection.4.1}{video}{section.4}% 20
\BOOKMARK [3][-]{subsubsection.4.1.1}{Regarder la vid\351o}{subsection.4.1}% 21
\BOOKMARK [3][-]{subsubsection.4.1.2}{Un jour j'irais droit au but}{subsection.4.1}% 22
\BOOKMARK [3][-]{subsubsection.4.1.3}{Ressources}{subsection.4.1}% 23
\BOOKMARK [2][-]{subsection.4.2}{usb}{section.4}% 24
\BOOKMARK [3][-]{subsubsection.4.2.1}{Biographie}{subsection.4.2}% 25
\BOOKMARK [3][-]{subsubsection.4.2.2}{Autobiographie}{subsection.4.2}% 26
\BOOKMARK [3][-]{subsubsection.4.2.3}{Ressources}{subsection.4.2}% 27
\BOOKMARK [1][-]{section.5}{Conclusion}{}% 28
